<?xml version="1.0" encoding="UTF-8"?>
<!-- Generated by org.testng.reporters.JUnitXMLReporter -->
<testsuite hostname="cb-mac-Cacho.local" ignored="0" name="Regression" tests="19" failures="2" timestamp="2021-10-18T22:29:54 PDT" time="69.854" errors="0">
  <testcase name="BrowserAutomation" time="0.001" classname="MavenProject.FirstMavenProject.aSeleniumTest"/>
  <testcase name="elementsUI" time="0.0" classname="MavenProject.FirstMavenProject.aSeleniumTest"/>
  <testcase name="NativeAppAndroid" time="0.0" classname="MavenProject.FirstMavenProject.bAppiumTest"/>
  <testcase name="iOSApps" time="0.0" classname="MavenProject.FirstMavenProject.bAppiumTest"/>
  <testcase name="deleteTwitter" time="0.0" classname="MavenProject.FirstMavenProject.cRestApiTest"/>
  <testcase name="postJIRA" time="0.0" classname="MavenProject.FirstMavenProject.cRestApiTest"/>
  <testcase name="maxBrowserSize" time="0.169" classname="MavenProject.FirstMavenProject.dAutomateBrowserActionsGoDaddySite1"/>
  <testcase name="printTitlePageCurrentURL" time="0.232" classname="MavenProject.FirstMavenProject.dAutomateBrowserActionsGoDaddySite1"/>
  <testcase name="pageSourcePageTitle" time="0.207" classname="MavenProject.FirstMavenProject.dAutomateBrowserActionsGoDaddySite1"/>
  <testcase name="amazonPayLink" time="0.783" classname="MavenProject.FirstMavenProject.eAutomateAmazonNewsWebMenuLinks1">
    <failure type="org.openqa.selenium.NoSuchElementException" message="no such element: Unable to locate element: {&amp;quot;method&amp;quot;:&amp;quot;link text&amp;quot;,&amp;quot;selector&amp;quot;:&amp;quot;Amazon Pay&amp;quot;}
  (Session info: chrome=94.0.4606.81)
For documentation on this error, please visit: https://www.seleniumhq.org/exceptions/no_such_element.html
Build info: version: &amp;apos;3.141.59&amp;apos;, revision: &amp;apos;e82be7d358&amp;apos;, time: &amp;apos;2018-11-14T08:17:03&amp;apos;
System info: host: &amp;apos;cb-mac-Cacho.local&amp;apos;, ip: &amp;apos;fe80:0:0:0:c4b:b3da:531c:938a%en0&amp;apos;, os.name: &amp;apos;Mac OS X&amp;apos;, os.arch: &amp;apos;x86_64&amp;apos;, os.version: &amp;apos;10.14.5&amp;apos;, java.version: &amp;apos;1.8.0_131&amp;apos;
Driver info: org.openqa.selenium.chrome.ChromeDriver
Capabilities {acceptInsecureCerts: false, browserName: chrome, browserVersion: 94.0.4606.81, chrome: {chromedriverVersion: 94.0.4606.61 (418b78f5838ed..., userDataDir: /var/folders/lr/dbfkn51n487...}, goog:chromeOptions: {debuggerAddress: localhost:63208}, javascriptEnabled: true, networkConnectionEnabled: false, pageLoadStrategy: normal, platform: MAC, platformName: MAC, proxy: Proxy(), setWindowRect: true, strictFileInteractability: false, timeouts: {implicit: 0, pageLoad: 300000, script: 30000}, unhandledPromptBehavior: dismiss and notify, webauthn:extension:credBlob: true, webauthn:extension:largeBlob: true, webauthn:virtualAuthenticators: true}
Session ID: 78b1c150506ad21d5c6f51635fade327
*** Element info: {Using=link text, value=Amazon Pay}">
      <![CDATA[org.openqa.selenium.NoSuchElementException: no such element: Unable to locate element: {"method":"link text","selector":"Amazon Pay"}
  (Session info: chrome=94.0.4606.81)
For documentation on this error, please visit: https://www.seleniumhq.org/exceptions/no_such_element.html
Build info: version: '3.141.59', revision: 'e82be7d358', time: '2018-11-14T08:17:03'
System info: host: 'cb-mac-Cacho.local', ip: 'fe80:0:0:0:c4b:b3da:531c:938a%en0', os.name: 'Mac OS X', os.arch: 'x86_64', os.version: '10.14.5', java.version: '1.8.0_131'
Driver info: org.openqa.selenium.chrome.ChromeDriver
Capabilities {acceptInsecureCerts: false, browserName: chrome, browserVersion: 94.0.4606.81, chrome: {chromedriverVersion: 94.0.4606.61 (418b78f5838ed..., userDataDir: /var/folders/lr/dbfkn51n487...}, goog:chromeOptions: {debuggerAddress: localhost:63208}, javascriptEnabled: true, networkConnectionEnabled: false, pageLoadStrategy: normal, platform: MAC, platformName: MAC, proxy: Proxy(), setWindowRect: true, strictFileInteractability: false, timeouts: {implicit: 0, pageLoad: 300000, script: 30000}, unhandledPromptBehavior: dismiss and notify, webauthn:extension:credBlob: true, webauthn:extension:largeBlob: true, webauthn:virtualAuthenticators: true}
Session ID: 78b1c150506ad21d5c6f51635fade327
*** Element info: {Using=link text, value=Amazon Pay}
at org.openqa.selenium.remote.http.W3CHttpResponseCodec.createException(W3CHttpResponseCodec.java:187)
at org.openqa.selenium.remote.http.W3CHttpResponseCodec.decode(W3CHttpResponseCodec.java:122)
at org.openqa.selenium.remote.http.W3CHttpResponseCodec.decode(W3CHttpResponseCodec.java:49)
at org.openqa.selenium.remote.HttpCommandExecutor.execute(HttpCommandExecutor.java:158)
at org.openqa.selenium.remote.service.DriverCommandExecutor.execute(DriverCommandExecutor.java:83)
at org.openqa.selenium.remote.RemoteWebDriver.execute(RemoteWebDriver.java:552)
at org.openqa.selenium.remote.RemoteWebDriver.findElement(RemoteWebDriver.java:323)
at org.openqa.selenium.remote.RemoteWebDriver.findElementByLinkText(RemoteWebDriver.java:380)
at org.openqa.selenium.By$ByLinkText.findElement(By.java:220)
at org.openqa.selenium.remote.RemoteWebDriver.findElement(RemoteWebDriver.java:315)
at MavenProject.FirstMavenProject.eAutomateAmazonNewsWebMenuLinks1.amazonPayLink(eAutomateAmazonNewsWebMenuLinks1.java:71)
at java.util.ArrayList.forEach(ArrayList.java:1249)
... Removed 35 stack frames]]>
    </failure>
  </testcase> <!-- amazonPayLink -->
  <testcase name="allAutomateLinks" time="31.455" classname="MavenProject.FirstMavenProject.eAutomateAmazonNewsWebMenuLinks1"/>
  <testcase name="javaTutorialPageTitle" time="0.192" classname="MavenProject.FirstMavenProject.fAutomateTechtListingLinks1"/>
  <testcase name="seleniumWithTestNGPageTitle" time="3.656" classname="MavenProject.FirstMavenProject.fAutomateTechtListingLinks1"/>
  <testcase name="selenuimBlogsTitle" time="4.938" classname="MavenProject.FirstMavenProject.fAutomateTechtListingLinks1"/>
  <testcase name="printListOptions" time="1.133" classname="MavenProject.FirstMavenProject.hAutomateGoogleSearch"/>
  <testcase name="createAccount" time="3.176" classname="MavenProject.FirstMavenProject.iAutomateUserRegistrationECommerce"/>
  <testcase name="personalInfo" time="0.321" classname="MavenProject.FirstMavenProject.iAutomateUserRegistrationECommerce">
    <failure type="org.openqa.selenium.NoSuchElementException" message="no such element: Unable to locate element: {&amp;quot;method&amp;quot;:&amp;quot;css selector&amp;quot;,&amp;quot;selector&amp;quot;:&amp;quot;#uniform-days&amp;quot;}
  (Session info: chrome=94.0.4606.81)
For documentation on this error, please visit: https://www.seleniumhq.org/exceptions/no_such_element.html
Build info: version: &amp;apos;3.141.59&amp;apos;, revision: &amp;apos;e82be7d358&amp;apos;, time: &amp;apos;2018-11-14T08:17:03&amp;apos;
System info: host: &amp;apos;cb-mac-Cacho.local&amp;apos;, ip: &amp;apos;fe80:0:0:0:c4b:b3da:531c:938a%en0&amp;apos;, os.name: &amp;apos;Mac OS X&amp;apos;, os.arch: &amp;apos;x86_64&amp;apos;, os.version: &amp;apos;10.14.5&amp;apos;, java.version: &amp;apos;1.8.0_131&amp;apos;
Driver info: org.openqa.selenium.chrome.ChromeDriver
Capabilities {acceptInsecureCerts: false, browserName: chrome, browserVersion: 94.0.4606.81, chrome: {chromedriverVersion: 94.0.4606.61 (418b78f5838ed..., userDataDir: /var/folders/lr/dbfkn51n487...}, goog:chromeOptions: {debuggerAddress: localhost:63527}, javascriptEnabled: true, networkConnectionEnabled: false, pageLoadStrategy: normal, platform: MAC, platformName: MAC, proxy: Proxy(), setWindowRect: true, strictFileInteractability: false, timeouts: {implicit: 0, pageLoad: 300000, script: 30000}, unhandledPromptBehavior: dismiss and notify, webauthn:extension:credBlob: true, webauthn:extension:largeBlob: true, webauthn:virtualAuthenticators: true}
Session ID: 0c98d5c266e1c7dbb5d8c47ddf6707c9
*** Element info: {Using=css selector, value=#uniform-days}">
      <![CDATA[org.openqa.selenium.NoSuchElementException: no such element: Unable to locate element: {"method":"css selector","selector":"#uniform-days"}
  (Session info: chrome=94.0.4606.81)
For documentation on this error, please visit: https://www.seleniumhq.org/exceptions/no_such_element.html
Build info: version: '3.141.59', revision: 'e82be7d358', time: '2018-11-14T08:17:03'
System info: host: 'cb-mac-Cacho.local', ip: 'fe80:0:0:0:c4b:b3da:531c:938a%en0', os.name: 'Mac OS X', os.arch: 'x86_64', os.version: '10.14.5', java.version: '1.8.0_131'
Driver info: org.openqa.selenium.chrome.ChromeDriver
Capabilities {acceptInsecureCerts: false, browserName: chrome, browserVersion: 94.0.4606.81, chrome: {chromedriverVersion: 94.0.4606.61 (418b78f5838ed..., userDataDir: /var/folders/lr/dbfkn51n487...}, goog:chromeOptions: {debuggerAddress: localhost:63527}, javascriptEnabled: true, networkConnectionEnabled: false, pageLoadStrategy: normal, platform: MAC, platformName: MAC, proxy: Proxy(), setWindowRect: true, strictFileInteractability: false, timeouts: {implicit: 0, pageLoad: 300000, script: 30000}, unhandledPromptBehavior: dismiss and notify, webauthn:extension:credBlob: true, webauthn:extension:largeBlob: true, webauthn:virtualAuthenticators: true}
Session ID: 0c98d5c266e1c7dbb5d8c47ddf6707c9
*** Element info: {Using=css selector, value=#uniform-days}
at org.openqa.selenium.remote.http.W3CHttpResponseCodec.createException(W3CHttpResponseCodec.java:187)
at org.openqa.selenium.remote.http.W3CHttpResponseCodec.decode(W3CHttpResponseCodec.java:122)
at org.openqa.selenium.remote.http.W3CHttpResponseCodec.decode(W3CHttpResponseCodec.java:49)
at org.openqa.selenium.remote.HttpCommandExecutor.execute(HttpCommandExecutor.java:158)
at org.openqa.selenium.remote.service.DriverCommandExecutor.execute(DriverCommandExecutor.java:83)
at org.openqa.selenium.remote.RemoteWebDriver.execute(RemoteWebDriver.java:552)
at org.openqa.selenium.remote.RemoteWebDriver.findElement(RemoteWebDriver.java:323)
at org.openqa.selenium.remote.RemoteWebDriver.findElementByCssSelector(RemoteWebDriver.java:420)
at org.openqa.selenium.By$ByCssSelector.findElement(By.java:431)
at org.openqa.selenium.remote.RemoteWebDriver.findElement(RemoteWebDriver.java:315)
at MavenProject.FirstMavenProject.iAutomateUserRegistrationECommerce.personalInfo(iAutomateUserRegistrationECommerce.java:118)
at java.util.ArrayList.forEach(ArrayList.java:1249)
... Removed 35 stack frames]]>
    </failure>
  </testcase> <!-- personalInfo -->
  <testcase name="address" time="4.173" classname="MavenProject.FirstMavenProject.iAutomateUserRegistrationECommerce"/>
  <testcase name="validateAcccount" time="0.103" classname="MavenProject.FirstMavenProject.iAutomateUserRegistrationECommerce"/>
</testsuite> <!-- Regression -->
