<?xml version="1.0" encoding="UTF-8"?>
<testng-results skipped="0" failed="2" ignored="0" total="19" passed="17">
  <reporter-output>
  </reporter-output>
  <suite name="Suite" duration-ms="69854" started-at="2021-10-18T22:28:45 PDT" finished-at="2021-10-18T22:29:54 PDT">
    <groups>
    </groups>
    <test name="Regression" duration-ms="69854" started-at="2021-10-18T22:28:45 PDT" finished-at="2021-10-18T22:29:54 PDT">
      <class name="MavenProject.FirstMavenProject.hAutomateGoogleSearch">
        <test-method status="PASS" signature="setBaseURL()[pri:0, instance:MavenProject.FirstMavenProject.hAutomateGoogleSearch@63753b6d]" name="setBaseURL" is-config="true" duration-ms="3995" started-at="2021-10-18T22:28:55 PDT" finished-at="2021-10-18T22:28:59 PDT">
          <reporter-output>
          </reporter-output>
        </test-method> <!-- setBaseURL -->
        <test-method status="PASS" signature="printListOptions()[pri:0, instance:MavenProject.FirstMavenProject.hAutomateGoogleSearch@63753b6d]" name="printListOptions" duration-ms="1133" started-at="2021-10-18T22:29:45 PDT" finished-at="2021-10-18T22:29:46 PDT">
          <reporter-output>
          </reporter-output>
        </test-method> <!-- printListOptions -->
        <test-method status="PASS" signature="assertAll()[pri:0, instance:MavenProject.FirstMavenProject.hAutomateGoogleSearch@63753b6d]" name="assertAll" is-config="true" duration-ms="408" started-at="2021-10-18T22:29:54 PDT" finished-at="2021-10-18T22:29:54 PDT">
          <reporter-output>
          </reporter-output>
        </test-method> <!-- assertAll -->
      </class> <!-- MavenProject.FirstMavenProject.hAutomateGoogleSearch -->
      <class name="MavenProject.FirstMavenProject.aSeleniumTest">
        <test-method status="PASS" signature="BrowserAutomation()[pri:0, instance:MavenProject.FirstMavenProject.aSeleniumTest@6e06451e]" name="BrowserAutomation" duration-ms="1" started-at="2021-10-18T22:29:03 PDT" finished-at="2021-10-18T22:29:03 PDT">
          <reporter-output>
          </reporter-output>
        </test-method> <!-- BrowserAutomation -->
        <test-method status="PASS" signature="elementsUI()[pri:0, instance:MavenProject.FirstMavenProject.aSeleniumTest@6e06451e]" name="elementsUI" duration-ms="0" started-at="2021-10-18T22:29:03 PDT" finished-at="2021-10-18T22:29:03 PDT">
          <reporter-output>
          </reporter-output>
        </test-method> <!-- elementsUI -->
      </class> <!-- MavenProject.FirstMavenProject.aSeleniumTest -->
      <class name="MavenProject.FirstMavenProject.iAutomateUserRegistrationECommerce">
        <test-method status="PASS" signature="setBaseURL()[pri:0, instance:MavenProject.FirstMavenProject.iAutomateUserRegistrationECommerce@6b09bb57]" name="setBaseURL" is-config="true" duration-ms="3642" started-at="2021-10-18T22:28:59 PDT" finished-at="2021-10-18T22:29:03 PDT">
          <reporter-output>
          </reporter-output>
        </test-method> <!-- setBaseURL -->
        <test-method status="PASS" signature="createAccount()[pri:1, instance:MavenProject.FirstMavenProject.iAutomateUserRegistrationECommerce@6b09bb57]" name="createAccount" duration-ms="3176" started-at="2021-10-18T22:29:46 PDT" finished-at="2021-10-18T22:29:49 PDT">
          <reporter-output>
          </reporter-output>
        </test-method> <!-- createAccount -->
        <test-method status="FAIL" signature="personalInfo()[pri:2, instance:MavenProject.FirstMavenProject.iAutomateUserRegistrationECommerce@6b09bb57]" name="personalInfo" duration-ms="321" started-at="2021-10-18T22:29:49 PDT" finished-at="2021-10-18T22:29:49 PDT">
          <exception class="org.openqa.selenium.NoSuchElementException">
            <message>
              <![CDATA[no such element: Unable to locate element: {"method":"css selector","selector":"#uniform-days"}
  (Session info: chrome=94.0.4606.81)
For documentation on this error, please visit: https://www.seleniumhq.org/exceptions/no_such_element.html
Build info: version: '3.141.59', revision: 'e82be7d358', time: '2018-11-14T08:17:03'
System info: host: 'cb-mac-Cacho.local', ip: 'fe80:0:0:0:c4b:b3da:531c:938a%en0', os.name: 'Mac OS X', os.arch: 'x86_64', os.version: '10.14.5', java.version: '1.8.0_131'
Driver info: org.openqa.selenium.chrome.ChromeDriver
Capabilities {acceptInsecureCerts: false, browserName: chrome, browserVersion: 94.0.4606.81, chrome: {chromedriverVersion: 94.0.4606.61 (418b78f5838ed..., userDataDir: /var/folders/lr/dbfkn51n487...}, goog:chromeOptions: {debuggerAddress: localhost:63527}, javascriptEnabled: true, networkConnectionEnabled: false, pageLoadStrategy: normal, platform: MAC, platformName: MAC, proxy: Proxy(), setWindowRect: true, strictFileInteractability: false, timeouts: {implicit: 0, pageLoad: 300000, script: 30000}, unhandledPromptBehavior: dismiss and notify, webauthn:extension:credBlob: true, webauthn:extension:largeBlob: true, webauthn:virtualAuthenticators: true}
Session ID: 0c98d5c266e1c7dbb5d8c47ddf6707c9
*** Element info: {Using=css selector, value=#uniform-days}]]>
            </message>
            <full-stacktrace>
              <![CDATA[org.openqa.selenium.NoSuchElementException: no such element: Unable to locate element: {"method":"css selector","selector":"#uniform-days"}
  (Session info: chrome=94.0.4606.81)
For documentation on this error, please visit: https://www.seleniumhq.org/exceptions/no_such_element.html
Build info: version: '3.141.59', revision: 'e82be7d358', time: '2018-11-14T08:17:03'
System info: host: 'cb-mac-Cacho.local', ip: 'fe80:0:0:0:c4b:b3da:531c:938a%en0', os.name: 'Mac OS X', os.arch: 'x86_64', os.version: '10.14.5', java.version: '1.8.0_131'
Driver info: org.openqa.selenium.chrome.ChromeDriver
Capabilities {acceptInsecureCerts: false, browserName: chrome, browserVersion: 94.0.4606.81, chrome: {chromedriverVersion: 94.0.4606.61 (418b78f5838ed..., userDataDir: /var/folders/lr/dbfkn51n487...}, goog:chromeOptions: {debuggerAddress: localhost:63527}, javascriptEnabled: true, networkConnectionEnabled: false, pageLoadStrategy: normal, platform: MAC, platformName: MAC, proxy: Proxy(), setWindowRect: true, strictFileInteractability: false, timeouts: {implicit: 0, pageLoad: 300000, script: 30000}, unhandledPromptBehavior: dismiss and notify, webauthn:extension:credBlob: true, webauthn:extension:largeBlob: true, webauthn:virtualAuthenticators: true}
Session ID: 0c98d5c266e1c7dbb5d8c47ddf6707c9
*** Element info: {Using=css selector, value=#uniform-days}
at sun.reflect.NativeConstructorAccessorImpl.newInstance0(Native Method)
at sun.reflect.NativeConstructorAccessorImpl.newInstance(NativeConstructorAccessorImpl.java:62)
at sun.reflect.DelegatingConstructorAccessorImpl.newInstance(DelegatingConstructorAccessorImpl.java:45)
at java.lang.reflect.Constructor.newInstance(Constructor.java:423)
at org.openqa.selenium.remote.http.W3CHttpResponseCodec.createException(W3CHttpResponseCodec.java:187)
at org.openqa.selenium.remote.http.W3CHttpResponseCodec.decode(W3CHttpResponseCodec.java:122)
at org.openqa.selenium.remote.http.W3CHttpResponseCodec.decode(W3CHttpResponseCodec.java:49)
at org.openqa.selenium.remote.HttpCommandExecutor.execute(HttpCommandExecutor.java:158)
at org.openqa.selenium.remote.service.DriverCommandExecutor.execute(DriverCommandExecutor.java:83)
at org.openqa.selenium.remote.RemoteWebDriver.execute(RemoteWebDriver.java:552)
at org.openqa.selenium.remote.RemoteWebDriver.findElement(RemoteWebDriver.java:323)
at org.openqa.selenium.remote.RemoteWebDriver.findElementByCssSelector(RemoteWebDriver.java:420)
at org.openqa.selenium.By$ByCssSelector.findElement(By.java:431)
at org.openqa.selenium.remote.RemoteWebDriver.findElement(RemoteWebDriver.java:315)
at MavenProject.FirstMavenProject.iAutomateUserRegistrationECommerce.personalInfo(iAutomateUserRegistrationECommerce.java:118)
at sun.reflect.NativeMethodAccessorImpl.invoke0(Native Method)
at sun.reflect.NativeMethodAccessorImpl.invoke(NativeMethodAccessorImpl.java:62)
at sun.reflect.DelegatingMethodAccessorImpl.invoke(DelegatingMethodAccessorImpl.java:43)
at java.lang.reflect.Method.invoke(Method.java:498)
at org.testng.internal.MethodInvocationHelper.invokeMethod(MethodInvocationHelper.java:133)
at org.testng.internal.TestInvoker.invokeMethod(TestInvoker.java:598)
at org.testng.internal.TestInvoker.invokeTestMethod(TestInvoker.java:173)
at org.testng.internal.MethodRunner.runInSequence(MethodRunner.java:46)
at org.testng.internal.TestInvoker$MethodInvocationAgent.invoke(TestInvoker.java:824)
at org.testng.internal.TestInvoker.invokeTestMethods(TestInvoker.java:146)
at org.testng.internal.TestMethodWorker.invokeTestMethods(TestMethodWorker.java:146)
at org.testng.internal.TestMethodWorker.run(TestMethodWorker.java:128)
at java.util.ArrayList.forEach(ArrayList.java:1249)
at org.testng.TestRunner.privateRun(TestRunner.java:794)
at org.testng.TestRunner.run(TestRunner.java:596)
at org.testng.SuiteRunner.runTest(SuiteRunner.java:377)
at org.testng.SuiteRunner.runSequentially(SuiteRunner.java:371)
at org.testng.SuiteRunner.privateRun(SuiteRunner.java:332)
at org.testng.SuiteRunner.run(SuiteRunner.java:276)
at org.testng.SuiteRunnerWorker.runSuite(SuiteRunnerWorker.java:53)
at org.testng.SuiteRunnerWorker.run(SuiteRunnerWorker.java:96)
at org.testng.TestNG.runSuitesSequentially(TestNG.java:1212)
at org.testng.TestNG.runSuitesLocally(TestNG.java:1134)
at org.testng.TestNG.runSuites(TestNG.java:1063)
at org.testng.TestNG.run(TestNG.java:1031)
at org.apache.maven.surefire.testng.TestNGExecutor.run(TestNGExecutor.java:283)
at org.apache.maven.surefire.testng.TestNGXmlTestSuite.execute(TestNGXmlTestSuite.java:75)
at org.apache.maven.surefire.testng.TestNGProvider.invoke(TestNGProvider.java:120)
at org.apache.maven.surefire.booter.ForkedBooter.invokeProviderInSameClassLoader(ForkedBooter.java:384)
at org.apache.maven.surefire.booter.ForkedBooter.runSuitesInProcess(ForkedBooter.java:345)
at org.apache.maven.surefire.booter.ForkedBooter.execute(ForkedBooter.java:126)
at org.apache.maven.surefire.booter.ForkedBooter.main(ForkedBooter.java:418)
]]>
            </full-stacktrace>
          </exception> <!-- org.openqa.selenium.NoSuchElementException -->
          <reporter-output>
          </reporter-output>
        </test-method> <!-- personalInfo -->
        <test-method status="PASS" signature="address()[pri:3, instance:MavenProject.FirstMavenProject.iAutomateUserRegistrationECommerce@6b09bb57]" name="address" duration-ms="4173" started-at="2021-10-18T22:29:49 PDT" finished-at="2021-10-18T22:29:53 PDT">
          <reporter-output>
          </reporter-output>
        </test-method> <!-- address -->
        <test-method status="PASS" signature="validateAcccount()[pri:4, instance:MavenProject.FirstMavenProject.iAutomateUserRegistrationECommerce@6b09bb57]" name="validateAcccount" duration-ms="103" started-at="2021-10-18T22:29:53 PDT" finished-at="2021-10-18T22:29:53 PDT">
          <reporter-output>
          </reporter-output>
        </test-method> <!-- validateAcccount -->
        <test-method status="PASS" signature="assertAll()[pri:0, instance:MavenProject.FirstMavenProject.iAutomateUserRegistrationECommerce@6b09bb57]" name="assertAll" is-config="true" duration-ms="90" started-at="2021-10-18T22:29:54 PDT" finished-at="2021-10-18T22:29:54 PDT">
          <reporter-output>
          </reporter-output>
        </test-method> <!-- assertAll -->
      </class> <!-- MavenProject.FirstMavenProject.iAutomateUserRegistrationECommerce -->
      <class name="MavenProject.FirstMavenProject.cRestApiTest">
        <test-method status="PASS" signature="deleteTwitter()[pri:0, instance:MavenProject.FirstMavenProject.cRestApiTest@3159c4b8]" name="deleteTwitter" duration-ms="0" started-at="2021-10-18T22:29:03 PDT" finished-at="2021-10-18T22:29:03 PDT">
          <reporter-output>
          </reporter-output>
        </test-method> <!-- deleteTwitter -->
        <test-method status="PASS" signature="postJIRA()[pri:0, instance:MavenProject.FirstMavenProject.cRestApiTest@3159c4b8]" name="postJIRA" duration-ms="0" started-at="2021-10-18T22:29:03 PDT" finished-at="2021-10-18T22:29:03 PDT">
          <reporter-output>
          </reporter-output>
        </test-method> <!-- postJIRA -->
      </class> <!-- MavenProject.FirstMavenProject.cRestApiTest -->
      <class name="MavenProject.FirstMavenProject.dAutomateBrowserActionsGoDaddySite1">
        <test-method status="PASS" signature="setBaseURL()[pri:0, instance:MavenProject.FirstMavenProject.dAutomateBrowserActionsGoDaddySite1@3108bc]" name="setBaseURL" is-config="true" duration-ms="3024" started-at="2021-10-18T22:28:45 PDT" finished-at="2021-10-18T22:28:48 PDT">
          <reporter-output>
          </reporter-output>
        </test-method> <!-- setBaseURL -->
        <test-method status="PASS" signature="maxBrowserSize()[pri:1, instance:MavenProject.FirstMavenProject.dAutomateBrowserActionsGoDaddySite1@3108bc]" name="maxBrowserSize" duration-ms="169" started-at="2021-10-18T22:29:03 PDT" finished-at="2021-10-18T22:29:03 PDT">
          <reporter-output>
          </reporter-output>
        </test-method> <!-- maxBrowserSize -->
        <test-method status="PASS" signature="printTitlePageCurrentURL()[pri:2, instance:MavenProject.FirstMavenProject.dAutomateBrowserActionsGoDaddySite1@3108bc]" name="printTitlePageCurrentURL" duration-ms="232" started-at="2021-10-18T22:29:03 PDT" finished-at="2021-10-18T22:29:03 PDT">
          <reporter-output>
          </reporter-output>
        </test-method> <!-- printTitlePageCurrentURL -->
        <test-method status="PASS" signature="pageSourcePageTitle()[pri:3, instance:MavenProject.FirstMavenProject.dAutomateBrowserActionsGoDaddySite1@3108bc]" name="pageSourcePageTitle" duration-ms="207" started-at="2021-10-18T22:29:03 PDT" finished-at="2021-10-18T22:29:04 PDT">
          <reporter-output>
          </reporter-output>
        </test-method> <!-- pageSourcePageTitle -->
        <test-method status="PASS" signature="assertFailures()[pri:0, instance:MavenProject.FirstMavenProject.dAutomateBrowserActionsGoDaddySite1@3108bc]" name="assertFailures" is-config="true" duration-ms="122" started-at="2021-10-18T22:29:53 PDT" finished-at="2021-10-18T22:29:54 PDT">
          <reporter-output>
          </reporter-output>
        </test-method> <!-- assertFailures -->
      </class> <!-- MavenProject.FirstMavenProject.dAutomateBrowserActionsGoDaddySite1 -->
      <class name="MavenProject.FirstMavenProject.bAppiumTest">
        <test-method status="PASS" signature="NativeAppAndroid()[pri:0, instance:MavenProject.FirstMavenProject.bAppiumTest@4b952a2d]" name="NativeAppAndroid" duration-ms="0" started-at="2021-10-18T22:29:03 PDT" finished-at="2021-10-18T22:29:03 PDT">
          <reporter-output>
          </reporter-output>
        </test-method> <!-- NativeAppAndroid -->
        <test-method status="PASS" signature="iOSApps()[pri:0, instance:MavenProject.FirstMavenProject.bAppiumTest@4b952a2d]" name="iOSApps" duration-ms="0" started-at="2021-10-18T22:29:03 PDT" finished-at="2021-10-18T22:29:03 PDT">
          <reporter-output>
          </reporter-output>
        </test-method> <!-- iOSApps -->
      </class> <!-- MavenProject.FirstMavenProject.bAppiumTest -->
      <class name="MavenProject.FirstMavenProject.fAutomateTechtListingLinks1">
        <test-method status="PASS" signature="setBaseURL()[pri:0, instance:MavenProject.FirstMavenProject.fAutomateTechtListingLinks1@5f9d02cb]" name="setBaseURL" is-config="true" duration-ms="3813" started-at="2021-10-18T22:28:51 PDT" finished-at="2021-10-18T22:28:55 PDT">
          <reporter-output>
          </reporter-output>
        </test-method> <!-- setBaseURL -->
        <test-method status="PASS" signature="javaTutorialPageTitle()[pri:0, instance:MavenProject.FirstMavenProject.fAutomateTechtListingLinks1@5f9d02cb]" name="javaTutorialPageTitle" duration-ms="192" started-at="2021-10-18T22:29:36 PDT" finished-at="2021-10-18T22:29:36 PDT">
          <reporter-output>
          </reporter-output>
        </test-method> <!-- javaTutorialPageTitle -->
        <test-method status="PASS" signature="seleniumWithTestNGPageTitle()[pri:0, instance:MavenProject.FirstMavenProject.fAutomateTechtListingLinks1@5f9d02cb]" name="seleniumWithTestNGPageTitle" duration-ms="3656" started-at="2021-10-18T22:29:36 PDT" finished-at="2021-10-18T22:29:40 PDT">
          <reporter-output>
          </reporter-output>
        </test-method> <!-- seleniumWithTestNGPageTitle -->
        <test-method status="PASS" signature="selenuimBlogsTitle()[pri:0, instance:MavenProject.FirstMavenProject.fAutomateTechtListingLinks1@5f9d02cb]" name="selenuimBlogsTitle" duration-ms="4938" started-at="2021-10-18T22:29:40 PDT" finished-at="2021-10-18T22:29:45 PDT">
          <reporter-output>
          </reporter-output>
        </test-method> <!-- selenuimBlogsTitle -->
        <test-method status="PASS" signature="assertAll()[pri:0, instance:MavenProject.FirstMavenProject.fAutomateTechtListingLinks1@5f9d02cb]" name="assertAll" is-config="true" duration-ms="195" started-at="2021-10-18T22:29:54 PDT" finished-at="2021-10-18T22:29:54 PDT">
          <reporter-output>
          </reporter-output>
        </test-method> <!-- assertAll -->
      </class> <!-- MavenProject.FirstMavenProject.fAutomateTechtListingLinks1 -->
      <class name="MavenProject.FirstMavenProject.eAutomateAmazonNewsWebMenuLinks1">
        <test-method status="PASS" signature="setBaseURL()[pri:0, instance:MavenProject.FirstMavenProject.eAutomateAmazonNewsWebMenuLinks1@370736d9]" name="setBaseURL" is-config="true" duration-ms="3869" started-at="2021-10-18T22:28:48 PDT" finished-at="2021-10-18T22:28:51 PDT">
          <reporter-output>
          </reporter-output>
        </test-method> <!-- setBaseURL -->
        <test-method status="FAIL" signature="amazonPayLink()[pri:1, instance:MavenProject.FirstMavenProject.eAutomateAmazonNewsWebMenuLinks1@370736d9]" name="amazonPayLink" duration-ms="783" started-at="2021-10-18T22:29:04 PDT" finished-at="2021-10-18T22:29:04 PDT">
          <exception class="org.openqa.selenium.NoSuchElementException">
            <message>
              <![CDATA[no such element: Unable to locate element: {"method":"link text","selector":"Amazon Pay"}
  (Session info: chrome=94.0.4606.81)
For documentation on this error, please visit: https://www.seleniumhq.org/exceptions/no_such_element.html
Build info: version: '3.141.59', revision: 'e82be7d358', time: '2018-11-14T08:17:03'
System info: host: 'cb-mac-Cacho.local', ip: 'fe80:0:0:0:c4b:b3da:531c:938a%en0', os.name: 'Mac OS X', os.arch: 'x86_64', os.version: '10.14.5', java.version: '1.8.0_131'
Driver info: org.openqa.selenium.chrome.ChromeDriver
Capabilities {acceptInsecureCerts: false, browserName: chrome, browserVersion: 94.0.4606.81, chrome: {chromedriverVersion: 94.0.4606.61 (418b78f5838ed..., userDataDir: /var/folders/lr/dbfkn51n487...}, goog:chromeOptions: {debuggerAddress: localhost:63208}, javascriptEnabled: true, networkConnectionEnabled: false, pageLoadStrategy: normal, platform: MAC, platformName: MAC, proxy: Proxy(), setWindowRect: true, strictFileInteractability: false, timeouts: {implicit: 0, pageLoad: 300000, script: 30000}, unhandledPromptBehavior: dismiss and notify, webauthn:extension:credBlob: true, webauthn:extension:largeBlob: true, webauthn:virtualAuthenticators: true}
Session ID: 78b1c150506ad21d5c6f51635fade327
*** Element info: {Using=link text, value=Amazon Pay}]]>
            </message>
            <full-stacktrace>
              <![CDATA[org.openqa.selenium.NoSuchElementException: no such element: Unable to locate element: {"method":"link text","selector":"Amazon Pay"}
  (Session info: chrome=94.0.4606.81)
For documentation on this error, please visit: https://www.seleniumhq.org/exceptions/no_such_element.html
Build info: version: '3.141.59', revision: 'e82be7d358', time: '2018-11-14T08:17:03'
System info: host: 'cb-mac-Cacho.local', ip: 'fe80:0:0:0:c4b:b3da:531c:938a%en0', os.name: 'Mac OS X', os.arch: 'x86_64', os.version: '10.14.5', java.version: '1.8.0_131'
Driver info: org.openqa.selenium.chrome.ChromeDriver
Capabilities {acceptInsecureCerts: false, browserName: chrome, browserVersion: 94.0.4606.81, chrome: {chromedriverVersion: 94.0.4606.61 (418b78f5838ed..., userDataDir: /var/folders/lr/dbfkn51n487...}, goog:chromeOptions: {debuggerAddress: localhost:63208}, javascriptEnabled: true, networkConnectionEnabled: false, pageLoadStrategy: normal, platform: MAC, platformName: MAC, proxy: Proxy(), setWindowRect: true, strictFileInteractability: false, timeouts: {implicit: 0, pageLoad: 300000, script: 30000}, unhandledPromptBehavior: dismiss and notify, webauthn:extension:credBlob: true, webauthn:extension:largeBlob: true, webauthn:virtualAuthenticators: true}
Session ID: 78b1c150506ad21d5c6f51635fade327
*** Element info: {Using=link text, value=Amazon Pay}
at sun.reflect.NativeConstructorAccessorImpl.newInstance0(Native Method)
at sun.reflect.NativeConstructorAccessorImpl.newInstance(NativeConstructorAccessorImpl.java:62)
at sun.reflect.DelegatingConstructorAccessorImpl.newInstance(DelegatingConstructorAccessorImpl.java:45)
at java.lang.reflect.Constructor.newInstance(Constructor.java:423)
at org.openqa.selenium.remote.http.W3CHttpResponseCodec.createException(W3CHttpResponseCodec.java:187)
at org.openqa.selenium.remote.http.W3CHttpResponseCodec.decode(W3CHttpResponseCodec.java:122)
at org.openqa.selenium.remote.http.W3CHttpResponseCodec.decode(W3CHttpResponseCodec.java:49)
at org.openqa.selenium.remote.HttpCommandExecutor.execute(HttpCommandExecutor.java:158)
at org.openqa.selenium.remote.service.DriverCommandExecutor.execute(DriverCommandExecutor.java:83)
at org.openqa.selenium.remote.RemoteWebDriver.execute(RemoteWebDriver.java:552)
at org.openqa.selenium.remote.RemoteWebDriver.findElement(RemoteWebDriver.java:323)
at org.openqa.selenium.remote.RemoteWebDriver.findElementByLinkText(RemoteWebDriver.java:380)
at org.openqa.selenium.By$ByLinkText.findElement(By.java:220)
at org.openqa.selenium.remote.RemoteWebDriver.findElement(RemoteWebDriver.java:315)
at MavenProject.FirstMavenProject.eAutomateAmazonNewsWebMenuLinks1.amazonPayLink(eAutomateAmazonNewsWebMenuLinks1.java:71)
at sun.reflect.NativeMethodAccessorImpl.invoke0(Native Method)
at sun.reflect.NativeMethodAccessorImpl.invoke(NativeMethodAccessorImpl.java:62)
at sun.reflect.DelegatingMethodAccessorImpl.invoke(DelegatingMethodAccessorImpl.java:43)
at java.lang.reflect.Method.invoke(Method.java:498)
at org.testng.internal.MethodInvocationHelper.invokeMethod(MethodInvocationHelper.java:133)
at org.testng.internal.TestInvoker.invokeMethod(TestInvoker.java:598)
at org.testng.internal.TestInvoker.invokeTestMethod(TestInvoker.java:173)
at org.testng.internal.MethodRunner.runInSequence(MethodRunner.java:46)
at org.testng.internal.TestInvoker$MethodInvocationAgent.invoke(TestInvoker.java:824)
at org.testng.internal.TestInvoker.invokeTestMethods(TestInvoker.java:146)
at org.testng.internal.TestMethodWorker.invokeTestMethods(TestMethodWorker.java:146)
at org.testng.internal.TestMethodWorker.run(TestMethodWorker.java:128)
at java.util.ArrayList.forEach(ArrayList.java:1249)
at org.testng.TestRunner.privateRun(TestRunner.java:794)
at org.testng.TestRunner.run(TestRunner.java:596)
at org.testng.SuiteRunner.runTest(SuiteRunner.java:377)
at org.testng.SuiteRunner.runSequentially(SuiteRunner.java:371)
at org.testng.SuiteRunner.privateRun(SuiteRunner.java:332)
at org.testng.SuiteRunner.run(SuiteRunner.java:276)
at org.testng.SuiteRunnerWorker.runSuite(SuiteRunnerWorker.java:53)
at org.testng.SuiteRunnerWorker.run(SuiteRunnerWorker.java:96)
at org.testng.TestNG.runSuitesSequentially(TestNG.java:1212)
at org.testng.TestNG.runSuitesLocally(TestNG.java:1134)
at org.testng.TestNG.runSuites(TestNG.java:1063)
at org.testng.TestNG.run(TestNG.java:1031)
at org.apache.maven.surefire.testng.TestNGExecutor.run(TestNGExecutor.java:283)
at org.apache.maven.surefire.testng.TestNGXmlTestSuite.execute(TestNGXmlTestSuite.java:75)
at org.apache.maven.surefire.testng.TestNGProvider.invoke(TestNGProvider.java:120)
at org.apache.maven.surefire.booter.ForkedBooter.invokeProviderInSameClassLoader(ForkedBooter.java:384)
at org.apache.maven.surefire.booter.ForkedBooter.runSuitesInProcess(ForkedBooter.java:345)
at org.apache.maven.surefire.booter.ForkedBooter.execute(ForkedBooter.java:126)
at org.apache.maven.surefire.booter.ForkedBooter.main(ForkedBooter.java:418)
]]>
            </full-stacktrace>
          </exception> <!-- org.openqa.selenium.NoSuchElementException -->
          <reporter-output>
          </reporter-output>
        </test-method> <!-- amazonPayLink -->
        <test-method status="PASS" signature="allAutomateLinks()[pri:2, instance:MavenProject.FirstMavenProject.eAutomateAmazonNewsWebMenuLinks1@370736d9]" name="allAutomateLinks" duration-ms="31455" started-at="2021-10-18T22:29:04 PDT" finished-at="2021-10-18T22:29:36 PDT">
          <reporter-output>
          </reporter-output>
        </test-method> <!-- allAutomateLinks -->
        <test-method status="PASS" signature="assertAll()[pri:0, instance:MavenProject.FirstMavenProject.eAutomateAmazonNewsWebMenuLinks1@370736d9]" name="assertAll" is-config="true" duration-ms="118" started-at="2021-10-18T22:29:54 PDT" finished-at="2021-10-18T22:29:54 PDT">
          <reporter-output>
          </reporter-output>
        </test-method> <!-- assertAll -->
      </class> <!-- MavenProject.FirstMavenProject.eAutomateAmazonNewsWebMenuLinks1 -->
    </test> <!-- Regression -->
  </suite> <!-- Suite -->
</testng-results>
